# JRE version: Java(TM) SE Runtime Environment (21.0.1+12) (build 21.0.1+12-LTS-29)
# Java VM: Java HotSpot(TM) 64-Bit Server VM (21.0.1+12-LTS-29, mixed mode, sharing, tiered, compressed oops, compressed class ptrs, g1 gc, windows-amd64)
GC Precious Log:
 CardTable entry size: 512
 Card Set container configuration: InlinePtr #cards 5 size 8 Array Of Cards #cards 12 size 40 Howl #buckets 4 coarsen threshold 1843 Howl Bitmap #cards 512 size 80 coarsen threshold 460 Card regions per heap region 1 cards per card region 2048
 CPUs: 2 total, 2 available
 Memory: 4001M
 Large Page Support: Disabled
 NUMA Support: Disabled
 Compressed Oops: Enabled (32-bit)
 Heap Region Size: 1M
 Heap Min Capacity: 8M
 Heap Initial Capacity: 64M
 Heap Max Capacity: 1002M
 Pre-touch: Disabled
 Parallel Workers: 2
 Concurrent Workers: 1
 Concurrent Refinement Workers: 2
 Periodic GC: Disabled
Heap:
 garbage-first heap   total 70656K, used 41161K [0x00000000c1600000, 0x0000000100000000)
  region size 1024K, 4 young (4096K), 2 survivors (2048K)
 Metaspace       used 83421K, committed 84160K, reserved 1179648K
  class space    used 11290K, committed 11648K, reserved 1048576K
GC Heap History (20 events):
Event: 52.836 GC heap before
{Heap before GC invocations=15 (full 0):
 garbage-first heap   total 61440K, used 28422K [0x00000000c1600000, 0x0000000100000000)
  region size 1024K, 6 young (6144K), 3 survivors (3072K)
 Metaspace       used 59546K, committed 60096K, reserved 1114112K
  class space    used 7899K, committed 8128K, reserved 1048576K
}
Event: 52.857 GC heap after
{Heap after GC invocations=16 (full 0):
 garbage-first heap   total 61440K, used 26829K [0x00000000c1600000, 0x0000000100000000)
  region size 1024K, 2 young (2048K), 2 survivors (2048K)
 Metaspace       used 59546K, committed 60096K, reserved 1114112K
  class space    used 7899K, committed 8128K, reserved 1048576K
}
Event: 62.068 GC heap before
{Heap before GC invocations=17 (full 0):
 garbage-first heap   total 61440K, used 54477K [0x00000000c1600000, 0x0000000100000000)
  region size 1024K, 29 young (29696K), 2 survivors (2048K)
 Metaspace       used 64590K, committed 65280K, reserved 1114112K
  class space    used 8609K, committed 8960K, reserved 1048576K
}
Event: 62.097 GC heap after
{Heap after GC invocations=18 (full 0):
 garbage-first heap   total 61440K, used 29149K [0x00000000c1600000, 0x0000000100000000)
  region size 1024K, 4 young (4096K), 4 survivors (4096K)
 Metaspace       used 64590K, committed 65280K, reserved 1114112K
  class space    used 8609K, committed 8960K, reserved 1048576K
}
Event: 65.076 GC heap before
{Heap before GC invocations=18 (full 0):
 garbage-first heap   total 61440K, used 53725K [0x00000000c1600000, 0x0000000100000000)
  region size 1024K, 28 young (28672K), 4 survivors (4096K)
 Metaspace       used 65109K, committed 65792K, reserved 1114112K
  class space    used 8665K, committed 9024K, reserved 1048576K
}
Event: 65.111 GC heap after
{Heap after GC invocations=19 (full 0):
 garbage-first heap   total 61440K, used 29836K [0x00000000c1600000, 0x0000000100000000)
  region size 1024K, 2 young (2048K), 2 survivors (2048K)
 Metaspace       used 65109K, committed 65792K, reserved 1114112K
  class space    used 8665K, committed 9024K, reserved 1048576K
}
Event: 68.949 GC heap before
{Heap before GC invocations=19 (full 0):
 garbage-first heap   total 61440K, used 55436K [0x00000000c1600000, 0x0000000100000000)
  region size 1024K, 27 young (27648K), 2 survivors (2048K)
 Metaspace       used 66603K, committed 67328K, reserved 1114112K
  class space    used 8866K, committed 9216K, reserved 1048576K
}
Event: 68.971 GC heap after
{Heap after GC invocations=20 (full 0):
 garbage-first heap   total 61440K, used 30535K [0x00000000c1600000, 0x0000000100000000)
  region size 1024K, 2 young (2048K), 2 survivors (2048K)
 Metaspace       used 66603K, committed 67328K, reserved 1114112K
  class space    used 8866K, committed 9216K, reserved 1048576K
}
Event: 74.652 GC heap before
{Heap before GC invocations=21 (full 0):
 garbage-first heap   total 61440K, used 55111K [0x00000000c1600000, 0x0000000100000000)
  region size 1024K, 27 young (27648K), 2 survivors (2048K)
 Metaspace       used 70970K, committed 71680K, reserved 1114112K
  class space    used 9667K, committed 9984K, reserved 1048576K
}
Event: 74.682 GC heap after
{Heap after GC invocations=22 (full 0):
 garbage-first heap   total 61440K, used 32714K [0x00000000c1600000, 0x0000000100000000)
  region size 1024K, 4 young (4096K), 4 survivors (4096K)
 Metaspace       used 70970K, committed 71680K, reserved 1114112K
  class space    used 9667K, committed 9984K, reserved 1048576K
}
Event: 78.825 GC heap before
{Heap before GC invocations=22 (full 0):
 garbage-first heap   total 61440K, used 54218K [0x00000000c1600000, 0x0000000100000000)
  region size 1024K, 25 young (25600K), 4 survivors (4096K)
 Metaspace       used 73675K, committed 74368K, reserved 1114112K
  class space    used 10058K, committed 10368K, reserved 1048576K
}
Event: 78.873 GC heap after
{Heap after GC invocations=23 (full 0):
 garbage-first heap   total 62464K, used 34997K [0x00000000c1600000, 0x0000000100000000)
  region size 1024K, 3 young (3072K), 3 survivors (3072K)
 Metaspace       used 73675K, committed 74368K, reserved 1114112K
  class space    used 10058K, committed 10368K, reserved 1048576K
}
Event: 83.838 GC heap before
{Heap before GC invocations=23 (full 0):
 garbage-first heap   total 62464K, used 54453K [0x00000000c1600000, 0x0000000100000000)
  region size 1024K, 22 young (22528K), 3 survivors (3072K)
 Metaspace       used 75991K, committed 76672K, reserved 1179648K
  class space    used 10386K, committed 10688K, reserved 1048576K
}
Event: 83.868 GC heap after
{Heap after GC invocations=24 (full 0):
 garbage-first heap   total 62464K, used 37320K [0x00000000c1600000, 0x0000000100000000)
  region size 1024K, 3 young (3072K), 3 survivors (3072K)
 Metaspace       used 75991K, committed 76672K, reserved 1179648K
  class space    used 10386K, committed 10688K, reserved 1048576K
}
Event: 100.704 GC heap before
{Heap before GC invocations=25 (full 0):
 garbage-first heap   total 65536K, used 53704K [0x00000000c1600000, 0x0000000100000000)
  region size 1024K, 20 young (20480K), 3 survivors (3072K)
 Metaspace       used 78841K, committed 79616K, reserved 1179648K
  class space    used 10779K, committed 11136K, reserved 1048576K
}
Event: 100.737 GC heap after
{Heap after GC invocations=26 (full 0):
 garbage-first heap   total 65536K, used 39351K [0x00000000c1600000, 0x0000000100000000)
  region size 1024K, 3 young (3072K), 3 survivors (3072K)
 Metaspace       used 78841K, committed 79616K, reserved 1179648K
  class space    used 10779K, committed 11136K, reserved 1048576K
}
Event: 122.566 GC heap before
{Heap before GC invocations=26 (full 0):
 garbage-first heap   total 65536K, used 56759K [0x00000000c1600000, 0x0000000100000000)
  region size 1024K, 21 young (21504K), 3 survivors (3072K)
 Metaspace       used 80871K, committed 81664K, reserved 1179648K
  class space    used 10984K, committed 11328K, reserved 1048576K
}
Event: 122.600 GC heap after
{Heap after GC invocations=27 (full 0):
 garbage-first heap   total 65536K, used 39758K [0x00000000c1600000, 0x0000000100000000)
  region size 1024K, 2 young (2048K), 2 survivors (2048K)
 Metaspace       used 80871K, committed 81664K, reserved 1179648K
  class space    used 10984K, committed 11328K, reserved 1048576K
}
Event: 132.112 GC heap before
{Heap before GC invocations=27 (full 0):
 garbage-first heap   total 65536K, used 57166K [0x00000000c1600000, 0x0000000100000000)
  region size 1024K, 20 young (20480K), 2 survivors (2048K)
 Metaspace       used 83407K, committed 84160K, reserved 1179648K
  class space    used 11290K, committed 11648K, reserved 1048576K
}
Event: 132.132 GC heap after
{Heap after GC invocations=28 (full 0):
 garbage-first heap   total 65536K, used 40137K [0x00000000c1600000, 0x0000000100000000)
  region size 1024K, 2 young (2048K), 2 survivors (2048K)
 Metaspace       used 83407K, committed 84160K, reserved 1179648K
  class space    used 11290K, committed 11648K, reserved 1048576K
}

