# JRE version: Java(TM) SE Runtime Environment (21.0.1+12) (build 21.0.1+12-LTS-29)
# Java VM: Java HotSpot(TM) 64-Bit Server VM (21.0.1+12-LTS-29, mixed mode, sharing, tiered, compressed oops, compressed class ptrs, g1 gc, windows-amd64)
GC Precious Log:
 CardTable entry size: 512
 Card Set container configuration: InlinePtr #cards 5 size 8 Array Of Cards #cards 12 size 40 Howl #buckets 4 coarsen threshold 1843 Howl Bitmap #cards 512 size 80 coarsen threshold 460 Card regions per heap region 1 cards per card region 2048
 CPUs: 2 total, 2 available
 Memory: 4001M
 Large Page Support: Disabled
 NUMA Support: Disabled
 Compressed Oops: Enabled (32-bit)
 Heap Region Size: 1M
 Heap Min Capacity: 8M
 Heap Initial Capacity: 64M
 Heap Max Capacity: 1002M
 Pre-touch: Disabled
 Parallel Workers: 2
 Concurrent Workers: 1
 Concurrent Refinement Workers: 2
 Periodic GC: Disabled
Heap:
 garbage-first heap   total 65536K, used 33033K [0x00000000c1600000, 0x0000000100000000)
  region size 1024K, 29 young (29696K), 5 survivors (5120K)
 Metaspace       used 20544K, committed 20800K, reserved 1114112K
  class space    used 2568K, committed 2688K, reserved 1048576K
GC Heap History (10 events):
Event: 2.715 GC heap before
{Heap before GC invocations=0 (full 0):
 garbage-first heap   total 65536K, used 6144K [0x00000000c1600000, 0x0000000100000000)
  region size 1024K, 6 young (6144K), 0 survivors (0K)
 Metaspace       used 616K, committed 768K, reserved 1114112K
  class space    used 29K, committed 128K, reserved 1048576K
}
Event: 2.733 GC heap after
{Heap after GC invocations=1 (full 0):
 garbage-first heap   total 65536K, used 4720K [0x00000000c1600000, 0x0000000100000000)
  region size 1024K, 1 young (1024K), 1 survivors (1024K)
 Metaspace       used 616K, committed 768K, reserved 1114112K
  class space    used 29K, committed 128K, reserved 1048576K
}
Event: 4.645 GC heap before
{Heap before GC invocations=1 (full 0):
 garbage-first heap   total 65536K, used 7792K [0x00000000c1600000, 0x0000000100000000)
  region size 1024K, 4 young (4096K), 1 survivors (1024K)
 Metaspace       used 2153K, committed 2304K, reserved 1114112K
  class space    used 183K, committed 256K, reserved 1048576K
}
Event: 4.651 GC heap after
{Heap after GC invocations=2 (full 0):
 garbage-first heap   total 65536K, used 5915K [0x00000000c1600000, 0x0000000100000000)
  region size 1024K, 1 young (1024K), 1 survivors (1024K)
 Metaspace       used 2153K, committed 2304K, reserved 1114112K
  class space    used 183K, committed 256K, reserved 1048576K
}
Event: 9.102 GC heap before
{Heap before GC invocations=2 (full 0):
 garbage-first heap   total 65536K, used 12059K [0x00000000c1600000, 0x0000000100000000)
  region size 1024K, 7 young (7168K), 1 survivors (1024K)
 Metaspace       used 4090K, committed 4288K, reserved 1114112K
  class space    used 449K, committed 512K, reserved 1048576K
}
Event: 9.112 GC heap after
{Heap after GC invocations=3 (full 0):
 garbage-first heap   total 65536K, used 6850K [0x00000000c1600000, 0x0000000100000000)
  region size 1024K, 1 young (1024K), 1 survivors (1024K)
 Metaspace       used 4090K, committed 4288K, reserved 1114112K
  class space    used 449K, committed 512K, reserved 1048576K
}
Event: 13.574 GC heap before
{Heap before GC invocations=3 (full 0):
 garbage-first heap   total 65536K, used 18114K [0x00000000c1600000, 0x0000000100000000)
  region size 1024K, 12 young (12288K), 1 survivors (1024K)
 Metaspace       used 6685K, committed 6976K, reserved 1114112K
  class space    used 771K, committed 896K, reserved 1048576K
}
Event: 13.584 GC heap after
{Heap after GC invocations=4 (full 0):
 garbage-first heap   total 65536K, used 7644K [0x00000000c1600000, 0x0000000100000000)
  region size 1024K, 2 young (2048K), 2 survivors (2048K)
 Metaspace       used 6685K, committed 6976K, reserved 1114112K
  class space    used 771K, committed 896K, reserved 1048576K
}
Event: 30.552 GC heap before
{Heap before GC invocations=4 (full 0):
 garbage-first heap   total 65536K, used 43484K [0x00000000c1600000, 0x0000000100000000)
  region size 1024K, 38 young (38912K), 2 survivors (2048K)
 Metaspace       used 15269K, committed 15552K, reserved 1114112K
  class space    used 1957K, committed 2048K, reserved 1048576K
}
Event: 30.583 GC heap after
{Heap after GC invocations=5 (full 0):
 garbage-first heap   total 65536K, used 10505K [0x00000000c1600000, 0x0000000100000000)
  region size 1024K, 5 young (5120K), 5 survivors (5120K)
 Metaspace       used 15269K, committed 15552K, reserved 1114112K
  class space    used 1957K, committed 2048K, reserved 1048576K
}

