# JRE version: Java(TM) SE Runtime Environment (21.0.1+12) (build 21.0.1+12-LTS-29)
# Java VM: Java HotSpot(TM) 64-Bit Server VM (21.0.1+12-LTS-29, mixed mode, sharing, tiered, compressed oops, compressed class ptrs, g1 gc, windows-amd64)
GC Precious Log:
 CardTable entry size: 512
 Card Set container configuration: InlinePtr #cards 5 size 8 Array Of Cards #cards 12 size 40 Howl #buckets 4 coarsen threshold 1843 Howl Bitmap #cards 512 size 80 coarsen threshold 460 Card regions per heap region 1 cards per card region 2048
 CPUs: 2 total, 2 available
 Memory: 4001M
 Large Page Support: Disabled
 NUMA Support: Disabled
 Compressed Oops: Enabled (32-bit)
 Heap Region Size: 1M
 Heap Min Capacity: 8M
 Heap Initial Capacity: 64M
 Heap Max Capacity: 1002M
 Pre-touch: Disabled
 Parallel Workers: 2
 Concurrent Workers: 1
 Concurrent Refinement Workers: 2
 Periodic GC: Disabled
Heap:
 garbage-first heap   total 65536K, used 33806K [0x00000000c1600000, 0x0000000100000000)
  region size 1024K, 33 young (33792K), 2 survivors (2048K)
 Metaspace       used 9685K, committed 9856K, reserved 1114112K
  class space    used 1148K, committed 1216K, reserved 1048576K
GC Heap History (6 events):
Event: 6.130 GC heap before
{Heap before GC invocations=0 (full 0):
 garbage-first heap   total 65536K, used 6144K [0x00000000c1600000, 0x0000000100000000)
  region size 1024K, 6 young (6144K), 0 survivors (0K)
 Metaspace       used 1913K, committed 2048K, reserved 1114112K
  class space    used 181K, committed 256K, reserved 1048576K
}
Event: 6.938 GC heap after
{Heap after GC invocations=1 (full 0):
 garbage-first heap   total 65536K, used 2041K [0x00000000c1600000, 0x0000000100000000)
  region size 1024K, 1 young (1024K), 1 survivors (1024K)
 Metaspace       used 1913K, committed 2048K, reserved 1114112K
  class space    used 181K, committed 256K, reserved 1048576K
}
Event: 10.624 GC heap before
{Heap before GC invocations=1 (full 0):
 garbage-first heap   total 65536K, used 7161K [0x00000000c1600000, 0x0000000100000000)
  region size 1024K, 6 young (6144K), 1 survivors (1024K)
 Metaspace       used 3380K, committed 3584K, reserved 1114112K
  class space    used 336K, committed 448K, reserved 1048576K
}
Event: 10.634 GC heap after
{Heap after GC invocations=2 (full 0):
 garbage-first heap   total 65536K, used 3487K [0x00000000c1600000, 0x0000000100000000)
  region size 1024K, 1 young (1024K), 1 survivors (1024K)
 Metaspace       used 3380K, committed 3584K, reserved 1114112K
  class space    used 336K, committed 448K, reserved 1048576K
}
Event: 15.266 GC heap before
{Heap before GC invocations=2 (full 0):
 garbage-first heap   total 65536K, used 12703K [0x00000000c1600000, 0x0000000100000000)
  region size 1024K, 10 young (10240K), 1 survivors (1024K)
 Metaspace       used 5912K, committed 6080K, reserved 1114112K
  class space    used 676K, committed 768K, reserved 1048576K
}
Event: 15.281 GC heap after
{Heap after GC invocations=3 (full 0):
 garbage-first heap   total 65536K, used 4110K [0x00000000c1600000, 0x0000000100000000)
  region size 1024K, 2 young (2048K), 2 survivors (2048K)
 Metaspace       used 5912K, committed 6080K, reserved 1114112K
  class space    used 676K, committed 768K, reserved 1048576K
}

